Analysis & Synthesis report for VOTING_MACHINE
Wed Apr 26 08:12:31 2023
Quartus Prime Version 19.1.0 Build 670 09/22/2019 SJ Lite Edition


---------------------
; Table of Contents ;
---------------------
  1. Legal Notice
  2. Analysis & Synthesis Summary
  3. Analysis & Synthesis Settings
  4. Parallel Compilation
  5. Analysis & Synthesis Source Files Read
  6. Analysis & Synthesis Resource Usage Summary
  7. Analysis & Synthesis Resource Utilization by Entity
  8. General Register Statistics
  9. Multiplexer Restructuring Statistics (Restructuring Performed)
 10. Post-Synthesis Netlist Statistics for Top Partition
 11. Elapsed Time Per Partition
 12. Analysis & Synthesis Messages
 13. Analysis & Synthesis Suppressed Messages



----------------
; Legal Notice ;
----------------
Copyright (C) 2019  Intel Corporation. All rights reserved.
Your use of Intel Corporation's design tools, logic functions 
and other software and tools, and any partner logic 
functions, and any output files from any of the foregoing 
(including device programming or simulation files), and any 
associated documentation or information are expressly subject 
to the terms and conditions of the Intel Program License 
Subscription Agreement, the Intel Quartus Prime License Agreement,
the Intel FPGA IP License Agreement, or other applicable license
agreement, including, without limitation, that your use is for
the sole purpose of programming logic devices manufactured by
Intel and sold by Intel or its authorized distributors.  Please
refer to the applicable agreement for further details, at
https://fpgasoftware.intel.com/eula.



+----------------------------------------------------------------------------------+
; Analysis & Synthesis Summary                                                     ;
+------------------------------------+---------------------------------------------+
; Analysis & Synthesis Status        ; Successful - Wed Apr 26 08:12:31 2023       ;
; Quartus Prime Version              ; 19.1.0 Build 670 09/22/2019 SJ Lite Edition ;
; Revision Name                      ; VOTING_MACHINE                              ;
; Top-level Entity Name              ; VOTING_MACHINE                              ;
; Family                             ; MAX 10                                      ;
; Total logic elements               ; 417                                         ;
;     Total combinational functions  ; 417                                         ;
;     Dedicated logic registers      ; 199                                         ;
; Total registers                    ; 199                                         ;
; Total pins                         ; 15                                          ;
; Total virtual pins                 ; 0                                           ;
; Total memory bits                  ; 0                                           ;
; Embedded Multiplier 9-bit elements ; 0                                           ;
; Total PLLs                         ; 0                                           ;
; UFM blocks                         ; 0                                           ;
; ADC blocks                         ; 0                                           ;
+------------------------------------+---------------------------------------------+


+------------------------------------------------------------------------------------------------------------+
; Analysis & Synthesis Settings                                                                              ;
+------------------------------------------------------------------+--------------------+--------------------+
; Option                                                           ; Setting            ; Default Value      ;
+------------------------------------------------------------------+--------------------+--------------------+
; Device                                                           ; 10M50DAF484C7G     ;                    ;
; Top-level entity name                                            ; VOTING_MACHINE     ; VOTING_MACHINE     ;
; Family name                                                      ; MAX 10             ; Cyclone V          ;
; Maximum processors allowed for parallel compilation              ; 4                  ;                    ;
; Use smart compilation                                            ; Off                ; Off                ;
; Enable parallel Assembler and Timing Analyzer during compilation ; On                 ; On                 ;
; Enable compact report table                                      ; Off                ; Off                ;
; Restructure Multiplexers                                         ; Auto               ; Auto               ;
; Create Debugging Nodes for IP Cores                              ; Off                ; Off                ;
; Preserve fewer node names                                        ; On                 ; On                 ;
; Intel FPGA IP Evaluation Mode                                    ; Enable             ; Enable             ;
; Verilog Version                                                  ; Verilog_2001       ; Verilog_2001       ;
; VHDL Version                                                     ; VHDL_1993          ; VHDL_1993          ;
; State Machine Processing                                         ; Auto               ; Auto               ;
; Safe State Machine                                               ; Off                ; Off                ;
; Extract Verilog State Machines                                   ; On                 ; On                 ;
; Extract VHDL State Machines                                      ; On                 ; On                 ;
; Ignore Verilog initial constructs                                ; Off                ; Off                ;
; Iteration limit for constant Verilog loops                       ; 5000               ; 5000               ;
; Iteration limit for non-constant Verilog loops                   ; 250                ; 250                ;
; Add Pass-Through Logic to Inferred RAMs                          ; On                 ; On                 ;
; Infer RAMs from Raw Logic                                        ; On                 ; On                 ;
; Parallel Synthesis                                               ; On                 ; On                 ;
; DSP Block Balancing                                              ; Auto               ; Auto               ;
; NOT Gate Push-Back                                               ; On                 ; On                 ;
; Power-Up Don't Care                                              ; On                 ; On                 ;
; Remove Redundant Logic Cells                                     ; Off                ; Off                ;
; Remove Duplicate Registers                                       ; On                 ; On                 ;
; Ignore CARRY Buffers                                             ; Off                ; Off                ;
; Ignore CASCADE Buffers                                           ; Off                ; Off                ;
; Ignore GLOBAL Buffers                                            ; Off                ; Off                ;
; Ignore ROW GLOBAL Buffers                                        ; Off                ; Off                ;
; Ignore LCELL Buffers                                             ; Off                ; Off                ;
; Ignore SOFT Buffers                                              ; On                 ; On                 ;
; Limit AHDL Integers to 32 Bits                                   ; Off                ; Off                ;
; Optimization Technique                                           ; Balanced           ; Balanced           ;
; Carry Chain Length                                               ; 70                 ; 70                 ;
; Auto Carry Chains                                                ; On                 ; On                 ;
; Auto Open-Drain Pins                                             ; On                 ; On                 ;
; Perform WYSIWYG Primitive Resynthesis                            ; Off                ; Off                ;
; Auto ROM Replacement                                             ; On                 ; On                 ;
; Auto RAM Replacement                                             ; On                 ; On                 ;
; Auto DSP Block Replacement                                       ; On                 ; On                 ;
; Auto Shift Register Replacement                                  ; Auto               ; Auto               ;
; Allow Shift Register Merging across Hierarchies                  ; Auto               ; Auto               ;
; Auto Clock Enable Replacement                                    ; On                 ; On                 ;
; Strict RAM Replacement                                           ; Off                ; Off                ;
; Allow Synchronous Control Signals                                ; On                 ; On                 ;
; Force Use of Synchronous Clear Signals                           ; Off                ; Off                ;
; Auto RAM Block Balancing                                         ; On                 ; On                 ;
; Auto RAM to Logic Cell Conversion                                ; Off                ; Off                ;
; Auto Resource Sharing                                            ; Off                ; Off                ;
; Allow Any RAM Size For Recognition                               ; Off                ; Off                ;
; Allow Any ROM Size For Recognition                               ; Off                ; Off                ;
; Allow Any Shift Register Size For Recognition                    ; Off                ; Off                ;
; Use LogicLock Constraints during Resource Balancing              ; On                 ; On                 ;
; Ignore translate_off and synthesis_off directives                ; Off                ; Off                ;
; Timing-Driven Synthesis                                          ; On                 ; On                 ;
; Report Parameter Settings                                        ; On                 ; On                 ;
; Report Source Assignments                                        ; On                 ; On                 ;
; Report Connectivity Checks                                       ; On                 ; On                 ;
; Ignore Maximum Fan-Out Assignments                               ; Off                ; Off                ;
; Synchronization Register Chain Length                            ; 2                  ; 2                  ;
; Power Optimization During Synthesis                              ; Normal compilation ; Normal compilation ;
; HDL message level                                                ; Level2             ; Level2             ;
; Suppress Register Optimization Related Messages                  ; Off                ; Off                ;
; Number of Removed Registers Reported in Synthesis Report         ; 5000               ; 5000               ;
; Number of Swept Nodes Reported in Synthesis Report               ; 5000               ; 5000               ;
; Number of Inverted Registers Reported in Synthesis Report        ; 100                ; 100                ;
; Clock MUX Protection                                             ; On                 ; On                 ;
; Auto Gated Clock Conversion                                      ; Off                ; Off                ;
; Block Design Naming                                              ; Auto               ; Auto               ;
; SDC constraint protection                                        ; Off                ; Off                ;
; Synthesis Effort                                                 ; Auto               ; Auto               ;
; Shift Register Replacement - Allow Asynchronous Clear Signal     ; On                 ; On                 ;
; Pre-Mapping Resynthesis Optimization                             ; Off                ; Off                ;
; Analysis & Synthesis Message Level                               ; Medium             ; Medium             ;
; Disable Register Merging Across Hierarchies                      ; Auto               ; Auto               ;
; Resource Aware Inference For Block RAM                           ; On                 ; On                 ;
+------------------------------------------------------------------+--------------------+--------------------+


+------------------------------------------+
; Parallel Compilation                     ;
+----------------------------+-------------+
; Processors                 ; Number      ;
+----------------------------+-------------+
; Number detected on machine ; 8           ;
; Maximum allowed            ; 4           ;
;                            ;             ;
; Average used               ; 1.00        ;
; Maximum used               ; 4           ;
;                            ;             ;
; Usage by Processor         ; % Time Used ;
;     Processor 1            ; 100.0%      ;
;     Processors 2-4         ;   0.0%      ;
+----------------------------+-------------+


+----------------------------------------------------------------------------------------------------------------------------------------------------------------+
; Analysis & Synthesis Source Files Read                                                                                                                         ;
+----------------------------------+-----------------+------------------------+------------------------------------------------------------------------+---------+
; File Name with User-Entered Path ; Used in Netlist ; File Type              ; File Name with Absolute Path                                           ; Library ;
+----------------------------------+-----------------+------------------------+------------------------------------------------------------------------+---------+
; VOTING_MACHINE.v                 ; yes             ; User Verilog HDL File  ; C:/intelFPGA_lite/19.1/quartus_project/Voting Machine/VOTING_MACHINE.v ;         ;
+----------------------------------+-----------------+------------------------+------------------------------------------------------------------------+---------+


+-----------------------------------------------------------+
; Analysis & Synthesis Resource Usage Summary               ;
+---------------------------------------------+-------------+
; Resource                                    ; Usage       ;
+---------------------------------------------+-------------+
; Estimated Total logic elements              ; 417         ;
;                                             ;             ;
; Total combinational functions               ; 417         ;
; Logic element usage by number of LUT inputs ;             ;
;     -- 4 input functions                    ; 88          ;
;     -- 3 input functions                    ; 44          ;
;     -- <=2 input functions                  ; 285         ;
;                                             ;             ;
; Logic elements by mode                      ;             ;
;     -- normal mode                          ; 239         ;
;     -- arithmetic mode                      ; 178         ;
;                                             ;             ;
; Total registers                             ; 199         ;
;     -- Dedicated logic registers            ; 199         ;
;     -- I/O registers                        ; 0           ;
;                                             ;             ;
; I/O pins                                    ; 15          ;
;                                             ;             ;
; Embedded Multiplier 9-bit elements          ; 0           ;
;                                             ;             ;
; Maximum fan-out node                        ; clock~input ;
; Maximum fan-out                             ; 199         ;
; Total fan-out                               ; 1697        ;
; Average fan-out                             ; 2.63        ;
+---------------------------------------------+-------------+


+-----------------------------------------------------------------------------------------------------------------------------------------------------------------------------------------------------------------------------------------------------+
; Analysis & Synthesis Resource Utilization by Entity                                                                                                                                                                                                 ;
+----------------------------+---------------------+---------------------------+-------------+------------+--------------+---------+-----------+------+--------------+------------+-----------------------------------+----------------+--------------+
; Compilation Hierarchy Node ; Combinational ALUTs ; Dedicated Logic Registers ; Memory Bits ; UFM Blocks ; DSP Elements ; DSP 9x9 ; DSP 18x18 ; Pins ; Virtual Pins ; ADC blocks ; Full Hierarchy Name               ; Entity Name    ; Library Name ;
+----------------------------+---------------------+---------------------------+-------------+------------+--------------+---------+-----------+------+--------------+------------+-----------------------------------+----------------+--------------+
; |VOTING_MACHINE            ; 417 (0)             ; 199 (0)                   ; 0           ; 0          ; 0            ; 0       ; 0         ; 15   ; 0            ; 0          ; |VOTING_MACHINE                   ; VOTING_MACHINE ; work         ;
;    |buttoncontrol:BC1|     ; 77 (77)             ; 32 (32)                   ; 0           ; 0          ; 0            ; 0       ; 0         ; 0    ; 0            ; 0          ; |VOTING_MACHINE|buttoncontrol:BC1 ; buttoncontrol  ; work         ;
;    |buttoncontrol:BC2|     ; 77 (77)             ; 32 (32)                   ; 0           ; 0          ; 0            ; 0       ; 0         ; 0    ; 0            ; 0          ; |VOTING_MACHINE|buttoncontrol:BC2 ; buttoncontrol  ; work         ;
;    |buttoncontrol:BC3|     ; 77 (77)             ; 32 (32)                   ; 0           ; 0          ; 0            ; 0       ; 0         ; 0    ; 0            ; 0          ; |VOTING_MACHINE|buttoncontrol:BC3 ; buttoncontrol  ; work         ;
;    |buttoncontrol:BC4|     ; 76 (76)             ; 32 (32)                   ; 0           ; 0          ; 0            ; 0       ; 0         ; 0    ; 0            ; 0          ; |VOTING_MACHINE|buttoncontrol:BC4 ; buttoncontrol  ; work         ;
;    |modecontrol:MC|        ; 73 (73)             ; 39 (39)                   ; 0           ; 0          ; 0            ; 0       ; 0         ; 0    ; 0            ; 0          ; |VOTING_MACHINE|modecontrol:MC    ; modecontrol    ; work         ;
;    |votelogger:VT1|        ; 37 (37)             ; 32 (32)                   ; 0           ; 0          ; 0            ; 0       ; 0         ; 0    ; 0            ; 0          ; |VOTING_MACHINE|votelogger:VT1    ; votelogger     ; work         ;
+----------------------------+---------------------+---------------------------+-------------+------------+--------------+---------+-----------+------+--------------+------------+-----------------------------------+----------------+--------------+
Note: For table entries with two numbers listed, the numbers in parentheses indicate the number of resources of the given type used by the specific entity alone. The numbers listed outside of parentheses indicate the total resources of the given type used by the specific entity and all of its sub-entities in the hierarchy.


+------------------------------------------------------+
; General Register Statistics                          ;
+----------------------------------------------+-------+
; Statistic                                    ; Value ;
+----------------------------------------------+-------+
; Total registers                              ; 199   ;
; Number of registers using Synchronous Clear  ; 71    ;
; Number of registers using Synchronous Load   ; 0     ;
; Number of registers using Asynchronous Clear ; 0     ;
; Number of registers using Asynchronous Load  ; 0     ;
; Number of registers using Clock Enable       ; 160   ;
; Number of registers using Preset             ; 0     ;
+----------------------------------------------+-------+


+---------------------------------------------------------------------------------------------------------------------------------------------------------------------+
; Multiplexer Restructuring Statistics (Restructuring Performed)                                                                                                      ;
+--------------------+-----------+---------------+----------------------+------------------------+------------+-------------------------------------------------------+
; Multiplexer Inputs ; Bus Width ; Baseline Area ; Area if Restructured ; Saving if Restructured ; Registered ; Example Multiplexer Output                            ;
+--------------------+-----------+---------------+----------------------+------------------------+------------+-------------------------------------------------------+
; 3:1                ; 8 bits    ; 16 LEs        ; 8 LEs                ; 8 LEs                  ; Yes        ; |VOTING_MACHINE|votelogger:VT1|cand1_vote_received[1] ;
; 3:1                ; 8 bits    ; 16 LEs        ; 8 LEs                ; 8 LEs                  ; Yes        ; |VOTING_MACHINE|votelogger:VT1|cand4_vote_received[0] ;
; 3:1                ; 8 bits    ; 16 LEs        ; 8 LEs                ; 8 LEs                  ; Yes        ; |VOTING_MACHINE|votelogger:VT1|cand3_vote_received[6] ;
; 3:1                ; 31 bits   ; 62 LEs        ; 31 LEs               ; 31 LEs                 ; Yes        ; |VOTING_MACHINE|modecontrol:MC|counter[14]            ;
; 3:1                ; 8 bits    ; 16 LEs        ; 8 LEs                ; 8 LEs                  ; Yes        ; |VOTING_MACHINE|votelogger:VT1|cand2_vote_received[7] ;
; 4:1                ; 31 bits   ; 62 LEs        ; 31 LEs               ; 31 LEs                 ; Yes        ; |VOTING_MACHINE|buttoncontrol:BC4|counter[23]         ;
; 4:1                ; 31 bits   ; 62 LEs        ; 31 LEs               ; 31 LEs                 ; Yes        ; |VOTING_MACHINE|buttoncontrol:BC3|counter[4]          ;
; 4:1                ; 31 bits   ; 62 LEs        ; 31 LEs               ; 31 LEs                 ; Yes        ; |VOTING_MACHINE|buttoncontrol:BC2|counter[23]         ;
; 4:1                ; 31 bits   ; 62 LEs        ; 31 LEs               ; 31 LEs                 ; Yes        ; |VOTING_MACHINE|buttoncontrol:BC1|counter[11]         ;
; 8:1                ; 8 bits    ; 40 LEs        ; 32 LEs               ; 8 LEs                  ; Yes        ; |VOTING_MACHINE|modecontrol:MC|leds[3]                ;
+--------------------+-----------+---------------+----------------------+------------------------+------------+-------------------------------------------------------+


+-----------------------------------------------------+
; Post-Synthesis Netlist Statistics for Top Partition ;
+-----------------------+-----------------------------+
; Type                  ; Count                       ;
+-----------------------+-----------------------------+
; boundary_port         ; 15                          ;
; cycloneiii_ff         ; 199                         ;
;     ENA               ; 128                         ;
;     ENA SCLR          ; 32                          ;
;     SCLR              ; 39                          ;
; cycloneiii_lcell_comb ; 417                         ;
;     arith             ; 178                         ;
;         2 data inputs ; 178                         ;
;     normal            ; 239                         ;
;         1 data inputs ; 9                           ;
;         2 data inputs ; 98                          ;
;         3 data inputs ; 44                          ;
;         4 data inputs ; 88                          ;
;                       ;                             ;
; Max LUT depth         ; 5.00                        ;
; Average LUT depth     ; 3.92                        ;
+-----------------------+-----------------------------+


+-------------------------------+
; Elapsed Time Per Partition    ;
+----------------+--------------+
; Partition Name ; Elapsed Time ;
+----------------+--------------+
; Top            ; 00:00:00     ;
+----------------+--------------+


+-------------------------------+
; Analysis & Synthesis Messages ;
+-------------------------------+
Info: *******************************************************************
Info: Running Quartus Prime Analysis & Synthesis
    Info: Version 19.1.0 Build 670 09/22/2019 SJ Lite Edition
    Info: Processing started: Wed Apr 26 08:12:22 2023
Info: Command: quartus_map --read_settings_files=on --write_settings_files=off VOTING_MACHINE -c VOTING_MACHINE
Info (20032): Parallel compilation is enabled and will use up to 4 processors
Info (12021): Found 4 design units, including 4 entities, in source file voting_machine.v
    Info (12023): Found entity 1: buttoncontrol File: C:/intelFPGA_lite/19.1/quartus_project/Voting Machine/VOTING_MACHINE.v Line: 1
    Info (12023): Found entity 2: votelogger File: C:/intelFPGA_lite/19.1/quartus_project/Voting Machine/VOTING_MACHINE.v Line: 42
    Info (12023): Found entity 3: modecontrol File: C:/intelFPGA_lite/19.1/quartus_project/Voting Machine/VOTING_MACHINE.v Line: 81
    Info (12023): Found entity 4: VOTING_MACHINE File: C:/intelFPGA_lite/19.1/quartus_project/Voting Machine/VOTING_MACHINE.v Line: 138
Info (12021): Found 1 design units, including 1 entities, in source file tb_voting_machine.v
    Info (12023): Found entity 1: Tb_Voting_Machine File: C:/intelFPGA_lite/19.1/quartus_project/Voting Machine/Tb_Voting_Machine.v Line: 1
Info (12127): Elaborating entity "VOTING_MACHINE" for the top level hierarchy
Info (12128): Elaborating entity "buttoncontrol" for hierarchy "buttoncontrol:BC1" File: C:/intelFPGA_lite/19.1/quartus_project/Voting Machine/VOTING_MACHINE.v Line: 167
Warning (10230): Verilog HDL assignment warning at VOTING_MACHINE.v(17): truncated value with size 32 to match size of target (31) File: C:/intelFPGA_lite/19.1/quartus_project/Voting Machine/VOTING_MACHINE.v Line: 17
Info (12128): Elaborating entity "votelogger" for hierarchy "votelogger:VT1" File: C:/intelFPGA_lite/19.1/quartus_project/Voting Machine/VOTING_MACHINE.v Line: 203
Warning (10230): Verilog HDL assignment warning at VOTING_MACHINE.v(69): truncated value with size 32 to match size of target (8) File: C:/intelFPGA_lite/19.1/quartus_project/Voting Machine/VOTING_MACHINE.v Line: 69
Warning (10230): Verilog HDL assignment warning at VOTING_MACHINE.v(71): truncated value with size 32 to match size of target (8) File: C:/intelFPGA_lite/19.1/quartus_project/Voting Machine/VOTING_MACHINE.v Line: 71
Warning (10230): Verilog HDL assignment warning at VOTING_MACHINE.v(73): truncated value with size 32 to match size of target (8) File: C:/intelFPGA_lite/19.1/quartus_project/Voting Machine/VOTING_MACHINE.v Line: 73
Warning (10230): Verilog HDL assignment warning at VOTING_MACHINE.v(75): truncated value with size 32 to match size of target (8) File: C:/intelFPGA_lite/19.1/quartus_project/Voting Machine/VOTING_MACHINE.v Line: 75
Info (12128): Elaborating entity "modecontrol" for hierarchy "modecontrol:MC" File: C:/intelFPGA_lite/19.1/quartus_project/Voting Machine/VOTING_MACHINE.v Line: 219
Warning (10230): Verilog HDL assignment warning at VOTING_MACHINE.v(106): truncated value with size 32 to match size of target (31) File: C:/intelFPGA_lite/19.1/quartus_project/Voting Machine/VOTING_MACHINE.v Line: 106
Warning (10230): Verilog HDL assignment warning at VOTING_MACHINE.v(108): truncated value with size 32 to match size of target (31) File: C:/intelFPGA_lite/19.1/quartus_project/Voting Machine/VOTING_MACHINE.v Line: 108
Info (286030): Timing-Driven Synthesis is running
Info (144001): Generated suppressed messages file C:/intelFPGA_lite/19.1/quartus_project/Voting Machine/output_files/VOTING_MACHINE.map.smsg
Info (16010): Generating hard_block partition "hard_block:auto_generated_inst"
    Info (16011): Adding 0 node(s), including 0 DDIO, 0 PLL, 0 transceiver and 0 LCELL
Info (21057): Implemented 432 device resources after synthesis - the final resource count might be different
    Info (21058): Implemented 7 input pins
    Info (21059): Implemented 8 output pins
    Info (21061): Implemented 417 logic cells
Info: Quartus Prime Analysis & Synthesis was successful. 0 errors, 7 warnings
    Info: Peak virtual memory: 4762 megabytes
    Info: Processing ended: Wed Apr 26 08:12:31 2023
    Info: Elapsed time: 00:00:09
    Info: Total CPU time (on all processors): 00:00:20


+------------------------------------------+
; Analysis & Synthesis Suppressed Messages ;
+------------------------------------------+
The suppressed messages can be found in C:/intelFPGA_lite/19.1/quartus_project/Voting Machine/output_files/VOTING_MACHINE.map.smsg.


