Assembler report for VOTING_MACHINE
Wed Apr 26 08:12:46 2023
Quartus Prime Version 19.1.0 Build 670 09/22/2019 SJ Lite Edition


---------------------
; Table of Contents ;
---------------------
  1. Legal Notice
  2. Assembler Summary
  3. Assembler Settings
  4. Assembler Generated Files
  5. Assembler Device Options: C:/intelFPGA_lite/19.1/quartus_project/Voting Machine/output_files/VOTING_MACHINE.sof
  6. Assembler Messages



----------------
; Legal Notice ;
----------------
Copyright (C) 2019  Intel Corporation. All rights reserved.
Your use of Intel Corporation's design tools, logic functions 
and other software and tools, and any partner logic 
functions, and any output files from any of the foregoing 
(including device programming or simulation files), and any 
associated documentation or information are expressly subject 
to the terms and conditions of the Intel Program License 
Subscription Agreement, the Intel Quartus Prime License Agreement,
the Intel FPGA IP License Agreement, or other applicable license
agreement, including, without limitation, that your use is for
the sole purpose of programming logic devices manufactured by
Intel and sold by Intel or its authorized distributors.  Please
refer to the applicable agreement for further details, at
https://fpgasoftware.intel.com/eula.



+---------------------------------------------------------------+
; Assembler Summary                                             ;
+-----------------------+---------------------------------------+
; Assembler Status      ; Successful - Wed Apr 26 08:12:46 2023 ;
; Revision Name         ; VOTING_MACHINE                        ;
; Top-level Entity Name ; VOTING_MACHINE                        ;
; Family                ; MAX 10                                ;
; Device                ; 10M50DAF484C7G                        ;
+-----------------------+---------------------------------------+


+----------------------------------+
; Assembler Settings               ;
+--------+---------+---------------+
; Option ; Setting ; Default Value ;
+--------+---------+---------------+


+---------------------------------------------------------------------------------------+
; Assembler Generated Files                                                             ;
+---------------------------------------------------------------------------------------+
; File Name                                                                             ;
+---------------------------------------------------------------------------------------+
; C:/intelFPGA_lite/19.1/quartus_project/Voting Machine/output_files/VOTING_MACHINE.sof ;
+---------------------------------------------------------------------------------------+


+-----------------------------------------------------------------------------------------------------------------+
; Assembler Device Options: C:/intelFPGA_lite/19.1/quartus_project/Voting Machine/output_files/VOTING_MACHINE.sof ;
+----------------+------------------------------------------------------------------------------------------------+
; Option         ; Setting                                                                                        ;
+----------------+------------------------------------------------------------------------------------------------+
; JTAG usercode  ; 0x0029E3AD                                                                                     ;
; Checksum       ; 0x0029E3AD                                                                                     ;
+----------------+------------------------------------------------------------------------------------------------+


+--------------------+
; Assembler Messages ;
+--------------------+
Info: *******************************************************************
Info: Running Quartus Prime Assembler
    Info: Version 19.1.0 Build 670 09/22/2019 SJ Lite Edition
    Info: Processing started: Wed Apr 26 08:12:43 2023
Info: Command: quartus_asm --read_settings_files=off --write_settings_files=off VOTING_MACHINE -c VOTING_MACHINE
Info (115031): Writing out detailed assembly data for power analysis
Info (115030): Assembler is generating device programming files
Info: Quartus Prime Assembler was successful. 0 errors, 0 warnings
    Info: Peak virtual memory: 4692 megabytes
    Info: Processing ended: Wed Apr 26 08:12:46 2023
    Info: Elapsed time: 00:00:03
    Info: Total CPU time (on all processors): 00:00:03


